  [4;36;1mSQL (16.0ms)[0m   [0;1mSET NAMES 'utf8'[0m
  [4;35;1mSQL (0.0ms)[0m   [0mSET SQL_AUTO_IS_NULL=0[0m
  [4;36;1mSQL (0.0ms)[0m   [0;1mSHOW TABLES[0m
  [4;35;1mSQL (94.0ms)[0m   [0mCREATE TABLE `schema_migrations` (`version` varchar(255) NOT NULL) ENGINE=InnoDB[0m
  [4;36;1mSQL (140.0ms)[0m   [0;1mCREATE UNIQUE INDEX `unique_schema_migrations` ON `schema_migrations` (`version`)[0m
  [4;35;1mSQL (0.0ms)[0m   [0mSHOW TABLES[0m
  [4;36;1mSQL (0.0ms)[0m   [0;1mSELECT version FROM schema_migrations[0m
Migrating to CreateBooks (20091212033214)
  [4;35;1mSQL (63.0ms)[0m   [0mCREATE TABLE `books` (`id` int(11) DEFAULT NULL auto_increment PRIMARY KEY, `name` varchar(255), `author` varchar(255), `created_at` datetime, `updated_at` datetime) ENGINE=InnoDB[0m
  [4;36;1mSQL (15.0ms)[0m   [0;1mINSERT INTO schema_migrations (version) VALUES ('20091212033214')[0m
  [4;35;1mSQL (0.0ms)[0m   [0mSHOW TABLES[0m
  [4;36;1mSQL (0.0ms)[0m   [0;1mSELECT version FROM schema_migrations[0m
  [4;35;1mSQL (0.0ms)[0m   [0mSHOW TABLES[0m
  [4;36;1mSQL (47.0ms)[0m   [0;1mSHOW FIELDS FROM `books`[0m
  [4;35;1mSQL (0.0ms)[0m   [0mdescribe `books`[0m
  [4;36;1mSQL (0.0ms)[0m   [0;1mSHOW KEYS FROM `books`[0m
  [4;36;1mSQL (15.0ms)[0m   [0;1mSET NAMES 'utf8'[0m
  [4;35;1mSQL (0.0ms)[0m   [0mSET SQL_AUTO_IS_NULL=0[0m


Processing Rails::InfoController#properties (for 127.0.0.1 at 2009-12-12 10:12:36) [GET]
  [4;36;1mSQL (16.0ms)[0m   [0;1mSHOW TABLES[0m
  [4;35;1mSQL (31.0ms)[0m   [0mSELECT version FROM schema_migrations[0m
Completed in 125ms (View: 0, DB: 62) | 200 OK [http://localhost/rails/info/properties]
  [4;36;1mSQL (0.0ms)[0m   [0;1mSET NAMES 'utf8'[0m
  [4;35;1mSQL (0.0ms)[0m   [0mSET SQL_AUTO_IS_NULL=0[0m


Processing ApplicationController#index (for 127.0.0.1 at 2009-12-12 10:12:42) [GET]

ActionController::RoutingError (No route matches "/show" with {:method=>:get}):
  C:/Ruby/lib/ruby/1.8/webrick/httpserver.rb:104:in `service'
  C:/Ruby/lib/ruby/1.8/webrick/httpserver.rb:65:in `run'
  C:/Ruby/lib/ruby/1.8/webrick/server.rb:173:in `start_thread'
  C:/Ruby/lib/ruby/1.8/webrick/server.rb:162:in `start'
  C:/Ruby/lib/ruby/1.8/webrick/server.rb:162:in `start_thread'
  C:/Ruby/lib/ruby/1.8/webrick/server.rb:95:in `start'
  C:/Ruby/lib/ruby/1.8/webrick/server.rb:92:in `each'
  C:/Ruby/lib/ruby/1.8/webrick/server.rb:92:in `start'
  C:/Ruby/lib/ruby/1.8/webrick/server.rb:23:in `start'
  C:/Ruby/lib/ruby/1.8/webrick/server.rb:82:in `start'

Rendering rescues/layout (not_found)
  [4;36;1mSQL (0.0ms)[0m   [0;1mSET NAMES 'utf8'[0m
  [4;35;1mSQL (0.0ms)[0m   [0mSET SQL_AUTO_IS_NULL=0[0m


Processing BookController#show (for 127.0.0.1 at 2009-12-12 10:12:50) [GET]
  [4;36;1mBook Load (0.0ms)[0m   [0;1mSELECT * FROM `books` [0m
Rendering book/show
  [4;35;1mBook Columns (31.0ms)[0m   [0mSHOW FIELDS FROM `books`[0m
Completed in 391ms (View: 329, DB: 31) | 200 OK [http://localhost/book/show]
  [4;36;1mSQL (0.0ms)[0m   [0;1mSET NAMES 'utf8'[0m
  [4;35;1mSQL (0.0ms)[0m   [0mSET SQL_AUTO_IS_NULL=0[0m


Processing BookController#show to pdf (for 127.0.0.1 at 2009-12-12 10:13:19) [GET]
  Parameters: {"id"=>"1"}
  [4;36;1mBook Load (0.0ms)[0m   [0;1mSELECT * FROM `books` [0m
Rendering book/show
  [4;35;1mBook Columns (0.0ms)[0m   [0mSHOW FIELDS FROM `books`[0m
Completed in 203ms (View: 188, DB: 0) | 200 OK [http://localhost/book/show/1.pdf]
  [4;36;1mSQL (0.0ms)[0m   [0;1mSET NAMES 'utf8'[0m
  [4;35;1mSQL (0.0ms)[0m   [0mSET SQL_AUTO_IS_NULL=0[0m


Processing BookController#show (for 127.0.0.1 at 2009-12-12 10:13:26) [GET]
  [4;36;1mBook Load (0.0ms)[0m   [0;1mSELECT * FROM `books` [0m
Rendering book/show
  [4;35;1mBook Columns (0.0ms)[0m   [0mSHOW FIELDS FROM `books`[0m
Completed in 187ms (View: 187, DB: 0) | 200 OK [http://localhost/book/show/]
  [4;36;1mSQL (0.0ms)[0m   [0;1mSET NAMES 'utf8'[0m
  [4;35;1mSQL (0.0ms)[0m   [0mSET SQL_AUTO_IS_NULL=0[0m


Processing BookController#show (for 127.0.0.1 at 2009-12-12 10:14:31) [GET]
  [4;36;1mBook Load (0.0ms)[0m   [0;1mSELECT * FROM `books` [0m
Rendering book/show
Completed in 47ms (View: 32, DB: 0) | 200 OK [http://localhost/book/show/]
  [4;35;1mSQL (0.0ms)[0m   [0mSET NAMES 'utf8'[0m
  [4;36;1mSQL (0.0ms)[0m   [0;1mSET SQL_AUTO_IS_NULL=0[0m


Processing BookController#show (for 127.0.0.1 at 2009-12-12 10:14:37) [GET]
  [4;35;1mBook Load (0.0ms)[0m   [0mSELECT * FROM `books` [0m
Rendering book/show
Completed in 16ms (View: 0, DB: 0) | 200 OK [http://localhost/book/show/]
  [4;36;1mSQL (0.0ms)[0m   [0;1mSET NAMES 'utf8'[0m
  [4;35;1mSQL (0.0ms)[0m   [0mSET SQL_AUTO_IS_NULL=0[0m


Processing BookController#show (for 127.0.0.1 at 2009-12-12 10:15:11) [GET]
  [4;36;1mBook Load (0.0ms)[0m   [0;1mSELECT * FROM `books` [0m
Rendering book/show
  [4;35;1mBook Columns (16.0ms)[0m   [0mSHOW FIELDS FROM `books`[0m
Completed in 203ms (View: 172, DB: 16) | 200 OK [http://localhost/book/show/]
  [4;36;1mSQL (0.0ms)[0m   [0;1mSET NAMES 'utf8'[0m
  [4;35;1mSQL (0.0ms)[0m   [0mSET SQL_AUTO_IS_NULL=0[0m


Processing BookController#show (for 127.0.0.1 at 2009-12-12 10:16:44) [GET]
Rendering book/show
Completed in 94ms (View: 94, DB: 0) | 200 OK [http://localhost/book/show/]
  [4;36;1mSQL (0.0ms)[0m   [0;1mSET NAMES 'utf8'[0m
  [4;35;1mSQL (0.0ms)[0m   [0mSET SQL_AUTO_IS_NULL=0[0m


Processing BookController#show to pdf (for 127.0.0.1 at 2009-12-12 10:16:50) [GET]
  Parameters: {"id"=>"2"}
Rendering book/show

ActionView::TemplateError (You have a nil object when you didn't expect it!
You might have expected an instance of Array.
The error occurred while evaluating nil.map) on line #2 of app/views/book/show.pdf.prawn:
1: pdf.move_down(30) 
2: books =  @book.map do |item|
3: 	[
4: 		item.name,
5: 		item.author

    app/views/book/show.pdf.prawn:2:in `_run_prawn_app47views47book47show46pdf46prawn'
    C:/Ruby/lib/ruby/1.8/webrick/httpserver.rb:104:in `service'
    C:/Ruby/lib/ruby/1.8/webrick/httpserver.rb:65:in `run'
    C:/Ruby/lib/ruby/1.8/webrick/server.rb:173:in `start_thread'
    C:/Ruby/lib/ruby/1.8/webrick/server.rb:162:in `start'
    C:/Ruby/lib/ruby/1.8/webrick/server.rb:162:in `start_thread'
    C:/Ruby/lib/ruby/1.8/webrick/server.rb:95:in `start'
    C:/Ruby/lib/ruby/1.8/webrick/server.rb:92:in `each'
    C:/Ruby/lib/ruby/1.8/webrick/server.rb:92:in `start'
    C:/Ruby/lib/ruby/1.8/webrick/server.rb:23:in `start'
    C:/Ruby/lib/ruby/1.8/webrick/server.rb:82:in `start'

Rendered rescues/_trace (47.0ms)
Rendered rescues/_request_and_response (0.0ms)
Rendering rescues/layout (internal_server_error)
  [4;36;1mSQL (0.0ms)[0m   [0;1mSET NAMES 'utf8'[0m
  [4;35;1mSQL (0.0ms)[0m   [0mSET SQL_AUTO_IS_NULL=0[0m


Processing BookController#show (for 127.0.0.1 at 2009-12-12 10:17:00) [GET]
Rendering book/show
Completed in 16ms (View: 0, DB: 0) | 200 OK [http://localhost/book/show/]
  [4;36;1mSQL (0.0ms)[0m   [0;1mSET NAMES 'utf8'[0m
  [4;35;1mSQL (0.0ms)[0m   [0mSET SQL_AUTO_IS_NULL=0[0m


Processing BookController#show (for 127.0.0.1 at 2009-12-12 10:17:01) [GET]
Rendering book/show
Completed in 0ms (View: 0, DB: 0) | 200 OK [http://localhost/book/show/]
  [4;36;1mSQL (0.0ms)[0m   [0;1mSET NAMES 'utf8'[0m
  [4;35;1mSQL (0.0ms)[0m   [0mSET SQL_AUTO_IS_NULL=0[0m


Processing BookController#show (for 127.0.0.1 at 2009-12-12 10:17:01) [GET]
Rendering book/show
Completed in 0ms (View: 0, DB: 0) | 200 OK [http://localhost/book/show/]
  [4;36;1mSQL (0.0ms)[0m   [0;1mSET NAMES 'utf8'[0m
  [4;35;1mSQL (0.0ms)[0m   [0mSET SQL_AUTO_IS_NULL=0[0m


Processing BookController#show (for 127.0.0.1 at 2009-12-12 10:17:02) [GET]
Rendering book/show
Completed in 0ms (View: 0, DB: 0) | 200 OK [http://localhost/book/show/]
  [4;36;1mSQL (0.0ms)[0m   [0;1mSET NAMES 'utf8'[0m
  [4;35;1mSQL (0.0ms)[0m   [0mSET SQL_AUTO_IS_NULL=0[0m


Processing BookController#show (for 127.0.0.1 at 2009-12-12 10:17:02) [GET]
Rendering book/show
Completed in 0ms (View: 0, DB: 0) | 200 OK [http://localhost/book/show/]
  [4;36;1mSQL (0.0ms)[0m   [0;1mSET NAMES 'utf8'[0m
  [4;35;1mSQL (0.0ms)[0m   [0mSET SQL_AUTO_IS_NULL=0[0m


Processing BookController#index (for 127.0.0.1 at 2009-12-12 10:20:03) [GET]
Rendering book/index
Completed in 0ms (View: 0, DB: 0) | 200 OK [http://localhost/book/index/]
  [4;36;1mSQL (0.0ms)[0m   [0;1mSET NAMES 'utf8'[0m
  [4;35;1mSQL (0.0ms)[0m   [0mSET SQL_AUTO_IS_NULL=0[0m


Processing BookController#show to pdf (for 127.0.0.1 at 2009-12-12 10:20:07) [GET]
  Parameters: {"id"=>"2"}
  [4;36;1mBook Load (0.0ms)[0m   [0;1mSELECT * FROM `books` [0m
Rendering book/show
  [4;35;1mBook Columns (0.0ms)[0m   [0mSHOW FIELDS FROM `books`[0m
Completed in 266ms (View: 266, DB: 0) | 200 OK [http://localhost/book/show/2?format=pdf]
  [4;36;1mSQL (0.0ms)[0m   [0;1mSET NAMES 'utf8'[0m
  [4;35;1mSQL (0.0ms)[0m   [0mSET SQL_AUTO_IS_NULL=0[0m


Processing BookController#show to pdf (for 127.0.0.1 at 2009-12-12 10:23:37) [GET]
  Parameters: {"id"=>"2"}
  [4;36;1mBook Load (0.0ms)[0m   [0;1mSELECT * FROM `books` [0m
Rendering book/show
  [4;35;1mBook Columns (0.0ms)[0m   [0mSHOW FIELDS FROM `books`[0m
Completed in 266ms (View: 266, DB: 0) | 200 OK [http://localhost/book/show/2?format=pdf]
